e:\xai_notes\3\3.2\sp\laboratory works\laboratory work 3\splab3_registry\splab3_registry\debug\splab3_registry.pch
e:\xai_notes\3\3.2\sp\laboratory works\laboratory work 3\splab3_registry\splab3_registry\debug\vc142.pdb
e:\xai_notes\3\3.2\sp\laboratory works\laboratory work 3\splab3_registry\splab3_registry\debug\vc142.idb
e:\xai_notes\3\3.2\sp\laboratory works\laboratory work 3\splab3_registry\splab3_registry\debug\pch.obj
e:\xai_notes\3\3.2\sp\laboratory works\laboratory work 3\splab3_registry\splab3_registry\debug\splab3_registry.obj
e:\xai_notes\3\3.2\sp\laboratory works\laboratory work 3\splab3_registry\debug\splab3_registry.exe
e:\xai_notes\3\3.2\sp\laboratory works\laboratory work 3\splab3_registry\debug\splab3_registry.ilk
e:\xai_notes\3\3.2\sp\laboratory works\laboratory work 3\splab3_registry\debug\splab3_registry.pdb
e:\xai_notes\3\3.2\sp\sp-course\splab3_registry\splab3_registry\debug\pch.obj
e:\xai_notes\3\3.2\sp\sp-course\splab3_registry\splab3_registry\debug\splab3_registry.obj
e:\xai_notes\3\3.2\sp\sp-course\splab3_registry\splab3_registry\debug\splab3_registry.pch
e:\xai_notes\3\3.2\sp\sp-course\splab3_registry\splab3_registry\debug\vc142.idb
e:\xai_notes\3\3.2\sp\sp-course\splab3_registry\splab3_registry\debug\vc142.pdb
e:\xai_notes\3\3.2\sp\sp-course\splab3_registry\debug\splab3_registry.pdb
e:\xai_notes\3\3.2\sp\sp-course\splab3_registry\debug\splab3_registry.exe
e:\xai_notes\3\3.2\sp\sp-course\splab3_registry\debug\splab3_registry.ilk
e:\xai_notes\3\3.2\sp\sp-course\splab3_registry\splab3_registry\debug\splab3_registry.tlog\cl.command.1.tlog
e:\xai_notes\3\3.2\sp\sp-course\splab3_registry\splab3_registry\debug\splab3_registry.tlog\cl.read.1.tlog
e:\xai_notes\3\3.2\sp\sp-course\splab3_registry\splab3_registry\debug\splab3_registry.tlog\cl.write.1.tlog
e:\xai_notes\3\3.2\sp\sp-course\splab3_registry\splab3_registry\debug\splab3_registry.tlog\link.command.1.tlog
e:\xai_notes\3\3.2\sp\sp-course\splab3_registry\splab3_registry\debug\splab3_registry.tlog\link.read.1.tlog
e:\xai_notes\3\3.2\sp\sp-course\splab3_registry\splab3_registry\debug\splab3_registry.tlog\link.write.1.tlog
